<?xml version="1.0" encoding="UTF-8"?>
<testsuite name="org.example.BankAccountTest" tests="3" skipped="0" failures="0" errors="0" timestamp="2024-12-21T23:38:40" hostname="BRYCHEVARTEM" time="0.022">
  <properties/>
  <testcase name="depositTest()" classname="org.example.BankAccountTest" time="0.015"/>
  <testcase name="ConstTest()" classname="org.example.BankAccountTest" time="0.001"/>
  <testcase name="WithdrawTest()" classname="org.example.BankAccountTest" time="0.002"/>
  <system-out><![CDATA[]]></system-out>
  <system-err><![CDATA[]]></system-err>
</testsuite>
